<?xml version="1.0" encoding="UTF-8"?>
<robot generator="Robot 7.1.1 (Python 3.13.1 on win32)" generated="2025-01-07T14:40:40.490483" rpa="false" schemaversion="5">
<suite id="s1" name="Criandotoken" source="C:\Users\Matheus\Documents\projetos\ROBOT-API\criandotoken.robot">
<test id="s1-t1" name="Gerando token" line="10">
<kw name="Create Dictionary" owner="BuiltIn">
<msg time="2025-01-07T14:40:40.812053" level="INFO">${data} = {'username': 'admin', 'password': 'password123'}</msg>
<var>${data}</var>
<arg>username=admin</arg>
<arg>password=password123</arg>
<doc>Creates and returns a dictionary based on the given ``items``.</doc>
<status status="PASS" start="2025-01-07T14:40:40.811660" elapsed="0.000419"/>
</kw>
<kw name="POST" owner="RequestsLibrary">
<msg time="2025-01-07T14:40:41.444375" level="INFO">POST Request : url=https://restful-booker.herokuapp.com/auth 
 path_url=/auth 
 headers={'User-Agent': 'python-requests/2.32.3', 'Accept-Encoding': 'gzip, deflate', 'Accept': '*/*', 'Connection': 'keep-alive', 'Content-Length': '48', 'Content-Type': 'application/json'} 
 body=b'{"username": "admin", "password": "password123"}' 
 </msg>
<msg time="2025-01-07T14:40:41.444532" level="INFO">POST Response : url=https://restful-booker.herokuapp.com/auth 
 status=200, reason=OK 
 headers={'Server': 'Cowboy', 'Report-To': '{"group":"heroku-nel","max_age":3600,"endpoints":[{"url":"https://nel.heroku.com/reports?ts=1736271642&amp;sid=c46efe9b-d3d2-4a0c-8c76-bfafa16c5add&amp;s=aUk6GCtqOaAW0Aw4avrRXH2n3cP90T1dAJL%2BqV0aNbM%3D"}]}', 'Reporting-Endpoints': 'heroku-nel=https://nel.heroku.com/reports?ts=1736271642&amp;sid=c46efe9b-d3d2-4a0c-8c76-bfafa16c5add&amp;s=aUk6GCtqOaAW0Aw4avrRXH2n3cP90T1dAJL%2BqV0aNbM%3D', 'Nel': '{"report_to":"heroku-nel","max_age":3600,"success_fraction":0.005,"failure_fraction":0.05,"response_headers":["Via"]}', 'Connection': 'keep-alive', 'X-Powered-By': 'Express', 'Content-Type': 'application/json; charset=utf-8', 'Content-Length': '27', 'Etag': 'W/"1b-ltXAfPYWqHvUgX62Ovsk8sHz4gU"', 'Date': 'Tue, 07 Jan 2025 17:40:42 GMT', 'Via': '1.1 vegur'} 
 body={"token":"329081c0ded146c"} 
 </msg>
<msg time="2025-01-07T14:40:41.444675" level="INFO">${response} = &lt;Response [200]&gt;</msg>
<var>${response}</var>
<arg>${BASE_URL}/auth</arg>
<arg>json=${data}</arg>
<doc>Sends a POST request.</doc>
<status status="PASS" start="2025-01-07T14:40:40.812250" elapsed="0.632450"/>
</kw>
<kw name="Should Be True" owner="BuiltIn">
<arg>${response.ok}</arg>
<doc>Fails if the given condition is not true.</doc>
<status status="PASS" start="2025-01-07T14:40:41.444996" elapsed="0.000378"/>
</kw>
<kw name="Should Be Equal As Numbers" owner="BuiltIn">
<msg time="2025-01-07T14:40:41.445769" level="INFO">Argument types are:
&lt;class 'int'&gt;
&lt;class 'str'&gt;</msg>
<arg>${response.status_code}</arg>
<arg>200</arg>
<doc>Fails if objects are unequal after converting them to real numbers.</doc>
<status status="PASS" start="2025-01-07T14:40:41.445507" elapsed="0.000306"/>
</kw>
<kw name="Set Variable" owner="BuiltIn">
<msg time="2025-01-07T14:40:41.446218" level="INFO">${data_response} = {'token': '329081c0ded146c'}</msg>
<var>${data_response}</var>
<arg>${response.json()}</arg>
<doc>Returns the given values which can then be assigned to a variables.</doc>
<status status="PASS" start="2025-01-07T14:40:41.445941" elapsed="0.000294"/>
</kw>
<kw name="Get From Dictionary" owner="Collections">
<msg time="2025-01-07T14:40:41.446464" level="INFO">${token} = 329081c0ded146c</msg>
<var>${token}</var>
<arg>${data_response}</arg>
<arg>token</arg>
<doc>Returns a value from the given ``dictionary`` based on the given ``key``.</doc>
<status status="PASS" start="2025-01-07T14:40:41.446359" elapsed="0.000120"/>
</kw>
<kw name="Log" owner="BuiltIn">
<msg time="2025-01-07T14:40:41.446705" level="INFO">Seu token é:329081c0ded146c</msg>
<arg>Seu token é:${token}</arg>
<doc>Logs the given message with the given level.</doc>
<status status="PASS" start="2025-01-07T14:40:41.446617" elapsed="0.000115"/>
</kw>
<status status="PASS" start="2025-01-07T14:40:40.811003" elapsed="0.635867"/>
</test>
<status status="PASS" start="2025-01-07T14:40:40.491448" elapsed="0.955991"/>
</suite>
<statistics>
<total>
<stat pass="1" fail="0" skip="0">All Tests</stat>
</total>
<tag>
</tag>
<suite>
<stat pass="1" fail="0" skip="0" id="s1" name="Criandotoken">Criandotoken</stat>
</suite>
</statistics>
<errors>
</errors>
</robot>
